
  .   ____          _            __ _ _
 /\\ / ___'_ __ _ _(_)_ __  __ _ \ \ \ \
( ( )\___ | '_ | '_| | '_ \/ _` | \ \ \ \
 \\/  ___)| |_)| | | | | || (_| |  ) ) ) )
  '  |____| .__|_| |_|_| |_\__, | / / / /
 =========|_|==============|___/=/_/_/_/

 :: Spring Boot ::                (v4.0.1)

2026-01-18T13:26:02.979+05:00  INFO 11349 --- [ObjectKeyResultTracker] [           main] c.e.o.ObjectKeyResultTrackerApplication  : Starting ObjectKeyResultTrackerApplication v0.0.1-SNAPSHOT using Java 25.0.1 with PID 11349 (/Users/spencer/IdeaProjects/ObjectKeyResultTracker/target/ObjectKeyResultTracker-0.0.1-SNAPSHOT.jar started by spencer in /Users/spencer/IdeaProjects/ObjectKeyResultTracker)
2026-01-18T13:26:02.981+05:00  INFO 11349 --- [ObjectKeyResultTracker] [           main] c.e.o.ObjectKeyResultTrackerApplication  : No active profile set, falling back to 1 default profile: "default"
2026-01-18T13:26:03.250+05:00  INFO 11349 --- [ObjectKeyResultTracker] [           main] .s.d.r.c.RepositoryConfigurationDelegate : Bootstrapping Spring Data JPA repositories in DEFAULT mode.
2026-01-18T13:26:03.272+05:00  INFO 11349 --- [ObjectKeyResultTracker] [           main] .s.d.r.c.RepositoryConfigurationDelegate : Finished Spring Data repository scanning in 19 ms. Found 4 JPA repository interfaces.
2026-01-18T13:26:03.455+05:00  INFO 11349 --- [ObjectKeyResultTracker] [           main] o.s.boot.tomcat.TomcatWebServer          : Tomcat initialized with port 8080 (http)
2026-01-18T13:26:03.460+05:00  INFO 11349 --- [ObjectKeyResultTracker] [           main] o.apache.catalina.core.StandardService   : Starting service [Tomcat]
2026-01-18T13:26:03.460+05:00  INFO 11349 --- [ObjectKeyResultTracker] [           main] o.apache.catalina.core.StandardEngine    : Starting Servlet engine: [Apache Tomcat/11.0.15]
2026-01-18T13:26:03.469+05:00  INFO 11349 --- [ObjectKeyResultTracker] [           main] b.w.c.s.WebApplicationContextInitializer : Root WebApplicationContext: initialization completed in 468 ms
2026-01-18T13:26:03.543+05:00  INFO 11349 --- [ObjectKeyResultTracker] [           main] org.hibernate.orm.jpa                    : HHH008540: Processing PersistenceUnitInfo [name: default]
2026-01-18T13:26:03.562+05:00  INFO 11349 --- [ObjectKeyResultTracker] [           main] org.hibernate.orm.core                   : HHH000001: Hibernate ORM core version 7.2.0.Final
2026-01-18T13:26:03.749+05:00  INFO 11349 --- [ObjectKeyResultTracker] [           main] o.s.o.j.p.SpringPersistenceUnitInfo      : No LoadTimeWeaver setup: ignoring JPA class transformer
2026-01-18T13:26:03.762+05:00  INFO 11349 --- [ObjectKeyResultTracker] [           main] com.zaxxer.hikari.HikariDataSource       : HikariPool-1 - Starting...
2026-01-18T13:26:03.846+05:00  INFO 11349 --- [ObjectKeyResultTracker] [           main] com.zaxxer.hikari.pool.HikariPool        : HikariPool-1 - Added connection conn0: url=jdbc:h2:file:./data/okrdb user=SA
2026-01-18T13:26:03.846+05:00  INFO 11349 --- [ObjectKeyResultTracker] [           main] com.zaxxer.hikari.HikariDataSource       : HikariPool-1 - Start completed.
2026-01-18T13:26:03.855+05:00  WARN 11349 --- [ObjectKeyResultTracker] [           main] org.hibernate.orm.deprecation            : HHH90000025: H2Dialect does not need to be specified explicitly using 'hibernate.dialect' (remove the property setting and it will be selected by default)
2026-01-18T13:26:03.864+05:00  INFO 11349 --- [ObjectKeyResultTracker] [           main] org.hibernate.orm.connections.pooling    : HHH10001005: Database info:
	Database JDBC URL [jdbc:h2:file:./data/okrdb]
	Database driver: H2 JDBC Driver
	Database dialect: H2Dialect
	Database version: 2.4.240
	Default catalog/schema: OKRDB/PUBLIC
	Autocommit mode: undefined/unknown
	Isolation level: READ_COMMITTED [default READ_COMMITTED]
	JDBC fetch size: 100
	Pool: DataSourceConnectionProvider
	Minimum pool size: undefined/unknown
	Maximum pool size: undefined/unknown
2026-01-18T13:26:04.198+05:00  INFO 11349 --- [ObjectKeyResultTracker] [           main] org.hibernate.orm.core                   : HHH000489: No JTA platform available (set 'hibernate.transaction.jta.platform' to enable JTA platform integration)
2026-01-18T13:26:04.218+05:00  INFO 11349 --- [ObjectKeyResultTracker] [           main] j.LocalContainerEntityManagerFactoryBean : Initialized JPA EntityManagerFactory for persistence unit 'default'
2026-01-18T13:26:04.254+05:00  INFO 11349 --- [ObjectKeyResultTracker] [           main] o.s.d.j.r.query.QueryEnhancerFactories   : Hibernate is in classpath; If applicable, HQL parser will be used.
Hibernate: 
    select
        count(*) 
    from
        score_levels sl1_0
2026-01-18T13:26:04.499+05:00  WARN 11349 --- [ObjectKeyResultTracker] [           main] JpaBaseConfiguration$JpaWebConfiguration : spring.jpa.open-in-view is enabled by default. Therefore, database queries may be performed during view rendering. Explicitly configure spring.jpa.open-in-view to disable this warning
2026-01-18T13:26:04.620+05:00  INFO 11349 --- [ObjectKeyResultTracker] [           main] o.s.boot.tomcat.TomcatWebServer          : Tomcat started on port 8080 (http) with context path '/'
2026-01-18T13:26:04.633+05:00  INFO 11349 --- [ObjectKeyResultTracker] [           main] c.e.o.ObjectKeyResultTrackerApplication  : Started ObjectKeyResultTrackerApplication in 1.784 seconds (process running for 2.017)
2026-01-18T13:26:11.596+05:00  INFO 11349 --- [ObjectKeyResultTracker] [nio-8080-exec-1] o.a.c.c.C.[Tomcat].[localhost].[/]       : Initializing Spring DispatcherServlet 'dispatcherServlet'
2026-01-18T13:26:11.596+05:00  INFO 11349 --- [ObjectKeyResultTracker] [nio-8080-exec-1] o.s.web.servlet.DispatcherServlet        : Initializing Servlet 'dispatcherServlet'
2026-01-18T13:26:11.597+05:00  INFO 11349 --- [ObjectKeyResultTracker] [nio-8080-exec-1] o.s.web.servlet.DispatcherServlet        : Completed initialization in 1 ms
Hibernate: 
    select
        d1_0.id,
        d1_0.created_at,
        d1_0.name,
        d1_0.updated_at 
    from
        department d1_0
Hibernate: 
    select
        o1_0.department_id,
        o1_0.id,
        o1_0.name,
        o1_0.weight 
    from
        objectives o1_0 
    where
        o1_0.department_id=?
Hibernate: 
    select
        kr1_0.objective_id,
        kr1_0.id,
        kr1_0.actual_value,
        kr1_0.description,
        kr1_0.metric_type,
        kr1_0.name,
        kr1_0.threshold_below,
        kr1_0.threshold_exceptional,
        kr1_0.threshold_good,
        kr1_0.threshold_meets,
        kr1_0.threshold_very_good,
        kr1_0.unit,
        kr1_0.weight 
    from
        key_results kr1_0 
    where
        kr1_0.objective_id=?
Hibernate: 
    select
        kr1_0.objective_id,
        kr1_0.id,
        kr1_0.actual_value,
        kr1_0.description,
        kr1_0.metric_type,
        kr1_0.name,
        kr1_0.threshold_below,
        kr1_0.threshold_exceptional,
        kr1_0.threshold_good,
        kr1_0.threshold_meets,
        kr1_0.threshold_very_good,
        kr1_0.unit,
        kr1_0.weight 
    from
        key_results kr1_0 
    where
        kr1_0.objective_id=?
Hibernate: 
    select
        kr1_0.objective_id,
        kr1_0.id,
        kr1_0.actual_value,
        kr1_0.description,
        kr1_0.metric_type,
        kr1_0.name,
        kr1_0.threshold_below,
        kr1_0.threshold_exceptional,
        kr1_0.threshold_good,
        kr1_0.threshold_meets,
        kr1_0.threshold_very_good,
        kr1_0.unit,
        kr1_0.weight 
    from
        key_results kr1_0 
    where
        kr1_0.objective_id=?
Hibernate: 
    select
        kr1_0.objective_id,
        kr1_0.id,
        kr1_0.actual_value,
        kr1_0.description,
        kr1_0.metric_type,
        kr1_0.name,
        kr1_0.threshold_below,
        kr1_0.threshold_exceptional,
        kr1_0.threshold_good,
        kr1_0.threshold_meets,
        kr1_0.threshold_very_good,
        kr1_0.unit,
        kr1_0.weight 
    from
        key_results kr1_0 
    where
        kr1_0.objective_id=?
Hibernate: 
    select
        kr1_0.objective_id,
        kr1_0.id,
        kr1_0.actual_value,
        kr1_0.description,
        kr1_0.metric_type,
        kr1_0.name,
        kr1_0.threshold_below,
        kr1_0.threshold_exceptional,
        kr1_0.threshold_good,
        kr1_0.threshold_meets,
        kr1_0.threshold_very_good,
        kr1_0.unit,
        kr1_0.weight 
    from
        key_results kr1_0 
    where
        kr1_0.objective_id=?
Hibernate: 
    select
        kr1_0.objective_id,
        kr1_0.id,
        kr1_0.actual_value,
        kr1_0.description,
        kr1_0.metric_type,
        kr1_0.name,
        kr1_0.threshold_below,
        kr1_0.threshold_exceptional,
        kr1_0.threshold_good,
        kr1_0.threshold_meets,
        kr1_0.threshold_very_good,
        kr1_0.unit,
        kr1_0.weight 
    from
        key_results kr1_0 
    where
        kr1_0.objective_id=?
Hibernate: 
    insert 
    into
        department
        (created_at, name, updated_at, id) 
    values
        (?, ?, ?, ?)
Hibernate: 
    insert 
    into
        objectives
        (department_id, name, weight, id) 
    values
        (?, ?, ?, ?)
Hibernate: 
    insert 
    into
        key_results
        (actual_value, description, metric_type, name, objective_id, threshold_below, threshold_exceptional, threshold_good, threshold_meets, threshold_very_good, unit, weight, id) 
    values
        (?, ?, ?, ?, ?, ?, ?, ?, ?, ?, ?, ?, ?)
Hibernate: 
    insert 
    into
        key_results
        (actual_value, description, metric_type, name, objective_id, threshold_below, threshold_exceptional, threshold_good, threshold_meets, threshold_very_good, unit, weight, id) 
    values
        (?, ?, ?, ?, ?, ?, ?, ?, ?, ?, ?, ?, ?)
Hibernate: 
    insert 
    into
        key_results
        (actual_value, description, metric_type, name, objective_id, threshold_below, threshold_exceptional, threshold_good, threshold_meets, threshold_very_good, unit, weight, id) 
    values
        (?, ?, ?, ?, ?, ?, ?, ?, ?, ?, ?, ?, ?)
Hibernate: 
    insert 
    into
        objectives
        (department_id, name, weight, id) 
    values
        (?, ?, ?, ?)
Hibernate: 
    insert 
    into
        key_results
        (actual_value, description, metric_type, name, objective_id, threshold_below, threshold_exceptional, threshold_good, threshold_meets, threshold_very_good, unit, weight, id) 
    values
        (?, ?, ?, ?, ?, ?, ?, ?, ?, ?, ?, ?, ?)
Hibernate: 
    insert 
    into
        key_results
        (actual_value, description, metric_type, name, objective_id, threshold_below, threshold_exceptional, threshold_good, threshold_meets, threshold_very_good, unit, weight, id) 
    values
        (?, ?, ?, ?, ?, ?, ?, ?, ?, ?, ?, ?, ?)
Hibernate: 
    insert 
    into
        key_results
        (actual_value, description, metric_type, name, objective_id, threshold_below, threshold_exceptional, threshold_good, threshold_meets, threshold_very_good, unit, weight, id) 
    values
        (?, ?, ?, ?, ?, ?, ?, ?, ?, ?, ?, ?, ?)
Hibernate: 
    insert 
    into
        key_results
        (actual_value, description, metric_type, name, objective_id, threshold_below, threshold_exceptional, threshold_good, threshold_meets, threshold_very_good, unit, weight, id) 
    values
        (?, ?, ?, ?, ?, ?, ?, ?, ?, ?, ?, ?, ?)
Hibernate: 
    insert 
    into
        objectives
        (department_id, name, weight, id) 
    values
        (?, ?, ?, ?)
Hibernate: 
    insert 
    into
        key_results
        (actual_value, description, metric_type, name, objective_id, threshold_below, threshold_exceptional, threshold_good, threshold_meets, threshold_very_good, unit, weight, id) 
    values
        (?, ?, ?, ?, ?, ?, ?, ?, ?, ?, ?, ?, ?)
Hibernate: 
    insert 
    into
        key_results
        (actual_value, description, metric_type, name, objective_id, threshold_below, threshold_exceptional, threshold_good, threshold_meets, threshold_very_good, unit, weight, id) 
    values
        (?, ?, ?, ?, ?, ?, ?, ?, ?, ?, ?, ?, ?)
Hibernate: 
    insert 
    into
        key_results
        (actual_value, description, metric_type, name, objective_id, threshold_below, threshold_exceptional, threshold_good, threshold_meets, threshold_very_good, unit, weight, id) 
    values
        (?, ?, ?, ?, ?, ?, ?, ?, ?, ?, ?, ?, ?)
Hibernate: 
    insert 
    into
        key_results
        (actual_value, description, metric_type, name, objective_id, threshold_below, threshold_exceptional, threshold_good, threshold_meets, threshold_very_good, unit, weight, id) 
    values
        (?, ?, ?, ?, ?, ?, ?, ?, ?, ?, ?, ?, ?)
Hibernate: 
    insert 
    into
        objectives
        (department_id, name, weight, id) 
    values
        (?, ?, ?, ?)
Hibernate: 
    insert 
    into
        key_results
        (actual_value, description, metric_type, name, objective_id, threshold_below, threshold_exceptional, threshold_good, threshold_meets, threshold_very_good, unit, weight, id) 
    values
        (?, ?, ?, ?, ?, ?, ?, ?, ?, ?, ?, ?, ?)
Hibernate: 
    insert 
    into
        key_results
        (actual_value, description, metric_type, name, objective_id, threshold_below, threshold_exceptional, threshold_good, threshold_meets, threshold_very_good, unit, weight, id) 
    values
        (?, ?, ?, ?, ?, ?, ?, ?, ?, ?, ?, ?, ?)
Hibernate: 
    insert 
    into
        key_results
        (actual_value, description, metric_type, name, objective_id, threshold_below, threshold_exceptional, threshold_good, threshold_meets, threshold_very_good, unit, weight, id) 
    values
        (?, ?, ?, ?, ?, ?, ?, ?, ?, ?, ?, ?, ?)
Hibernate: 
    insert 
    into
        objectives
        (department_id, name, weight, id) 
    values
        (?, ?, ?, ?)
Hibernate: 
    insert 
    into
        key_results
        (actual_value, description, metric_type, name, objective_id, threshold_below, threshold_exceptional, threshold_good, threshold_meets, threshold_very_good, unit, weight, id) 
    values
        (?, ?, ?, ?, ?, ?, ?, ?, ?, ?, ?, ?, ?)
Hibernate: 
    insert 
    into
        key_results
        (actual_value, description, metric_type, name, objective_id, threshold_below, threshold_exceptional, threshold_good, threshold_meets, threshold_very_good, unit, weight, id) 
    values
        (?, ?, ?, ?, ?, ?, ?, ?, ?, ?, ?, ?, ?)
Hibernate: 
    insert 
    into
        key_results
        (actual_value, description, metric_type, name, objective_id, threshold_below, threshold_exceptional, threshold_good, threshold_meets, threshold_very_good, unit, weight, id) 
    values
        (?, ?, ?, ?, ?, ?, ?, ?, ?, ?, ?, ?, ?)
Hibernate: 
    insert 
    into
        key_results
        (actual_value, description, metric_type, name, objective_id, threshold_below, threshold_exceptional, threshold_good, threshold_meets, threshold_very_good, unit, weight, id) 
    values
        (?, ?, ?, ?, ?, ?, ?, ?, ?, ?, ?, ?, ?)
Hibernate: 
    insert 
    into
        objectives
        (department_id, name, weight, id) 
    values
        (?, ?, ?, ?)
Hibernate: 
    insert 
    into
        key_results
        (actual_value, description, metric_type, name, objective_id, threshold_below, threshold_exceptional, threshold_good, threshold_meets, threshold_very_good, unit, weight, id) 
    values
        (?, ?, ?, ?, ?, ?, ?, ?, ?, ?, ?, ?, ?)
Hibernate: 
    insert 
    into
        key_results
        (actual_value, description, metric_type, name, objective_id, threshold_below, threshold_exceptional, threshold_good, threshold_meets, threshold_very_good, unit, weight, id) 
    values
        (?, ?, ?, ?, ?, ?, ?, ?, ?, ?, ?, ?, ?)
Hibernate: 
    insert 
    into
        key_results
        (actual_value, description, metric_type, name, objective_id, threshold_below, threshold_exceptional, threshold_good, threshold_meets, threshold_very_good, unit, weight, id) 
    values
        (?, ?, ?, ?, ?, ?, ?, ?, ?, ?, ?, ?, ?)
Hibernate: 
    delete 
    from
        key_results 
    where
        id=?
Hibernate: 
    delete 
    from
        key_results 
    where
        id=?
Hibernate: 
    delete 
    from
        key_results 
    where
        id=?
Hibernate: 
    delete 
    from
        objectives 
    where
        id=?
Hibernate: 
    delete 
    from
        key_results 
    where
        id=?
Hibernate: 
    delete 
    from
        key_results 
    where
        id=?
Hibernate: 
    delete 
    from
        key_results 
    where
        id=?
Hibernate: 
    delete 
    from
        key_results 
    where
        id=?
Hibernate: 
    delete 
    from
        objectives 
    where
        id=?
Hibernate: 
    delete 
    from
        key_results 
    where
        id=?
Hibernate: 
    delete 
    from
        key_results 
    where
        id=?
Hibernate: 
    delete 
    from
        key_results 
    where
        id=?
Hibernate: 
    delete 
    from
        key_results 
    where
        id=?
Hibernate: 
    delete 
    from
        objectives 
    where
        id=?
Hibernate: 
    delete 
    from
        key_results 
    where
        id=?
Hibernate: 
    delete 
    from
        key_results 
    where
        id=?
Hibernate: 
    delete 
    from
        key_results 
    where
        id=?
Hibernate: 
    delete 
    from
        objectives 
    where
        id=?
Hibernate: 
    delete 
    from
        key_results 
    where
        id=?
Hibernate: 
    delete 
    from
        key_results 
    where
        id=?
Hibernate: 
    delete 
    from
        key_results 
    where
        id=?
Hibernate: 
    delete 
    from
        key_results 
    where
        id=?
Hibernate: 
    delete 
    from
        objectives 
    where
        id=?
Hibernate: 
    delete 
    from
        key_results 
    where
        id=?
Hibernate: 
    delete 
    from
        key_results 
    where
        id=?
Hibernate: 
    delete 
    from
        key_results 
    where
        id=?
Hibernate: 
    delete 
    from
        objectives 
    where
        id=?
Hibernate: 
    delete 
    from
        department 
    where
        id=?
Hibernate: 
    select
        d1_0.id,
        d1_0.created_at,
        d1_0.name,
        d1_0.updated_at 
    from
        department d1_0
Hibernate: 
    select
        o1_0.department_id,
        o1_0.id,
        o1_0.name,
        o1_0.weight 
    from
        objectives o1_0 
    where
        o1_0.department_id=?
Hibernate: 
    select
        kr1_0.objective_id,
        kr1_0.id,
        kr1_0.actual_value,
        kr1_0.description,
        kr1_0.metric_type,
        kr1_0.name,
        kr1_0.threshold_below,
        kr1_0.threshold_exceptional,
        kr1_0.threshold_good,
        kr1_0.threshold_meets,
        kr1_0.threshold_very_good,
        kr1_0.unit,
        kr1_0.weight 
    from
        key_results kr1_0 
    where
        kr1_0.objective_id=?
Hibernate: 
    select
        sl1_0.id,
        sl1_0.color,
        sl1_0.display_order,
        sl1_0.is_default,
        sl1_0.name,
        sl1_0.score_value 
    from
        score_levels sl1_0 
    order by
        sl1_0.display_order
Hibernate: 
    select
        kr1_0.objective_id,
        kr1_0.id,
        kr1_0.actual_value,
        kr1_0.description,
        kr1_0.metric_type,
        kr1_0.name,
        kr1_0.threshold_below,
        kr1_0.threshold_exceptional,
        kr1_0.threshold_good,
        kr1_0.threshold_meets,
        kr1_0.threshold_very_good,
        kr1_0.unit,
        kr1_0.weight 
    from
        key_results kr1_0 
    where
        kr1_0.objective_id=?
Hibernate: 
    select
        kr1_0.objective_id,
        kr1_0.id,
        kr1_0.actual_value,
        kr1_0.description,
        kr1_0.metric_type,
        kr1_0.name,
        kr1_0.threshold_below,
        kr1_0.threshold_exceptional,
        kr1_0.threshold_good,
        kr1_0.threshold_meets,
        kr1_0.threshold_very_good,
        kr1_0.unit,
        kr1_0.weight 
    from
        key_results kr1_0 
    where
        kr1_0.objective_id=?
Hibernate: 
    select
        kr1_0.objective_id,
        kr1_0.id,
        kr1_0.actual_value,
        kr1_0.description,
        kr1_0.metric_type,
        kr1_0.name,
        kr1_0.threshold_below,
        kr1_0.threshold_exceptional,
        kr1_0.threshold_good,
        kr1_0.threshold_meets,
        kr1_0.threshold_very_good,
        kr1_0.unit,
        kr1_0.weight 
    from
        key_results kr1_0 
    where
        kr1_0.objective_id=?
Hibernate: 
    select
        kr1_0.objective_id,
        kr1_0.id,
        kr1_0.actual_value,
        kr1_0.description,
        kr1_0.metric_type,
        kr1_0.name,
        kr1_0.threshold_below,
        kr1_0.threshold_exceptional,
        kr1_0.threshold_good,
        kr1_0.threshold_meets,
        kr1_0.threshold_very_good,
        kr1_0.unit,
        kr1_0.weight 
    from
        key_results kr1_0 
    where
        kr1_0.objective_id=?
Hibernate: 
    select
        kr1_0.objective_id,
        kr1_0.id,
        kr1_0.actual_value,
        kr1_0.description,
        kr1_0.metric_type,
        kr1_0.name,
        kr1_0.threshold_below,
        kr1_0.threshold_exceptional,
        kr1_0.threshold_good,
        kr1_0.threshold_meets,
        kr1_0.threshold_very_good,
        kr1_0.unit,
        kr1_0.weight 
    from
        key_results kr1_0 
    where
        kr1_0.objective_id=?
Hibernate: 
    select
        d1_0.id,
        d1_0.created_at,
        d1_0.name,
        d1_0.updated_at 
    from
        department d1_0
Hibernate: 
    select
        o1_0.department_id,
        o1_0.id,
        o1_0.name,
        o1_0.weight 
    from
        objectives o1_0 
    where
        o1_0.department_id=?
Hibernate: 
    select
        kr1_0.objective_id,
        kr1_0.id,
        kr1_0.actual_value,
        kr1_0.description,
        kr1_0.metric_type,
        kr1_0.name,
        kr1_0.threshold_below,
        kr1_0.threshold_exceptional,
        kr1_0.threshold_good,
        kr1_0.threshold_meets,
        kr1_0.threshold_very_good,
        kr1_0.unit,
        kr1_0.weight 
    from
        key_results kr1_0 
    where
        kr1_0.objective_id=?
Hibernate: 
    select
        kr1_0.objective_id,
        kr1_0.id,
        kr1_0.actual_value,
        kr1_0.description,
        kr1_0.metric_type,
        kr1_0.name,
        kr1_0.threshold_below,
        kr1_0.threshold_exceptional,
        kr1_0.threshold_good,
        kr1_0.threshold_meets,
        kr1_0.threshold_very_good,
        kr1_0.unit,
        kr1_0.weight 
    from
        key_results kr1_0 
    where
        kr1_0.objective_id=?
Hibernate: 
    select
        kr1_0.objective_id,
        kr1_0.id,
        kr1_0.actual_value,
        kr1_0.description,
        kr1_0.metric_type,
        kr1_0.name,
        kr1_0.threshold_below,
        kr1_0.threshold_exceptional,
        kr1_0.threshold_good,
        kr1_0.threshold_meets,
        kr1_0.threshold_very_good,
        kr1_0.unit,
        kr1_0.weight 
    from
        key_results kr1_0 
    where
        kr1_0.objective_id=?
Hibernate: 
    select
        kr1_0.objective_id,
        kr1_0.id,
        kr1_0.actual_value,
        kr1_0.description,
        kr1_0.metric_type,
        kr1_0.name,
        kr1_0.threshold_below,
        kr1_0.threshold_exceptional,
        kr1_0.threshold_good,
        kr1_0.threshold_meets,
        kr1_0.threshold_very_good,
        kr1_0.unit,
        kr1_0.weight 
    from
        key_results kr1_0 
    where
        kr1_0.objective_id=?
Hibernate: 
    select
        kr1_0.objective_id,
        kr1_0.id,
        kr1_0.actual_value,
        kr1_0.description,
        kr1_0.metric_type,
        kr1_0.name,
        kr1_0.threshold_below,
        kr1_0.threshold_exceptional,
        kr1_0.threshold_good,
        kr1_0.threshold_meets,
        kr1_0.threshold_very_good,
        kr1_0.unit,
        kr1_0.weight 
    from
        key_results kr1_0 
    where
        kr1_0.objective_id=?
Hibernate: 
    select
        kr1_0.objective_id,
        kr1_0.id,
        kr1_0.actual_value,
        kr1_0.description,
        kr1_0.metric_type,
        kr1_0.name,
        kr1_0.threshold_below,
        kr1_0.threshold_exceptional,
        kr1_0.threshold_good,
        kr1_0.threshold_meets,
        kr1_0.threshold_very_good,
        kr1_0.unit,
        kr1_0.weight 
    from
        key_results kr1_0 
    where
        kr1_0.objective_id=?
Hibernate: 
    insert 
    into
        department
        (created_at, name, updated_at, id) 
    values
        (?, ?, ?, ?)
Hibernate: 
    insert 
    into
        objectives
        (department_id, name, weight, id) 
    values
        (?, ?, ?, ?)
Hibernate: 
    insert 
    into
        key_results
        (actual_value, description, metric_type, name, objective_id, threshold_below, threshold_exceptional, threshold_good, threshold_meets, threshold_very_good, unit, weight, id) 
    values
        (?, ?, ?, ?, ?, ?, ?, ?, ?, ?, ?, ?, ?)
Hibernate: 
    insert 
    into
        key_results
        (actual_value, description, metric_type, name, objective_id, threshold_below, threshold_exceptional, threshold_good, threshold_meets, threshold_very_good, unit, weight, id) 
    values
        (?, ?, ?, ?, ?, ?, ?, ?, ?, ?, ?, ?, ?)
Hibernate: 
    insert 
    into
        key_results
        (actual_value, description, metric_type, name, objective_id, threshold_below, threshold_exceptional, threshold_good, threshold_meets, threshold_very_good, unit, weight, id) 
    values
        (?, ?, ?, ?, ?, ?, ?, ?, ?, ?, ?, ?, ?)
Hibernate: 
    insert 
    into
        objectives
        (department_id, name, weight, id) 
    values
        (?, ?, ?, ?)
Hibernate: 
    insert 
    into
        key_results
        (actual_value, description, metric_type, name, objective_id, threshold_below, threshold_exceptional, threshold_good, threshold_meets, threshold_very_good, unit, weight, id) 
    values
        (?, ?, ?, ?, ?, ?, ?, ?, ?, ?, ?, ?, ?)
Hibernate: 
    insert 
    into
        key_results
        (actual_value, description, metric_type, name, objective_id, threshold_below, threshold_exceptional, threshold_good, threshold_meets, threshold_very_good, unit, weight, id) 
    values
        (?, ?, ?, ?, ?, ?, ?, ?, ?, ?, ?, ?, ?)
Hibernate: 
    insert 
    into
        key_results
        (actual_value, description, metric_type, name, objective_id, threshold_below, threshold_exceptional, threshold_good, threshold_meets, threshold_very_good, unit, weight, id) 
    values
        (?, ?, ?, ?, ?, ?, ?, ?, ?, ?, ?, ?, ?)
Hibernate: 
    insert 
    into
        key_results
        (actual_value, description, metric_type, name, objective_id, threshold_below, threshold_exceptional, threshold_good, threshold_meets, threshold_very_good, unit, weight, id) 
    values
        (?, ?, ?, ?, ?, ?, ?, ?, ?, ?, ?, ?, ?)
Hibernate: 
    insert 
    into
        objectives
        (department_id, name, weight, id) 
    values
        (?, ?, ?, ?)
Hibernate: 
    insert 
    into
        key_results
        (actual_value, description, metric_type, name, objective_id, threshold_below, threshold_exceptional, threshold_good, threshold_meets, threshold_very_good, unit, weight, id) 
    values
        (?, ?, ?, ?, ?, ?, ?, ?, ?, ?, ?, ?, ?)
Hibernate: 
    insert 
    into
        key_results
        (actual_value, description, metric_type, name, objective_id, threshold_below, threshold_exceptional, threshold_good, threshold_meets, threshold_very_good, unit, weight, id) 
    values
        (?, ?, ?, ?, ?, ?, ?, ?, ?, ?, ?, ?, ?)
Hibernate: 
    insert 
    into
        key_results
        (actual_value, description, metric_type, name, objective_id, threshold_below, threshold_exceptional, threshold_good, threshold_meets, threshold_very_good, unit, weight, id) 
    values
        (?, ?, ?, ?, ?, ?, ?, ?, ?, ?, ?, ?, ?)
Hibernate: 
    insert 
    into
        key_results
        (actual_value, description, metric_type, name, objective_id, threshold_below, threshold_exceptional, threshold_good, threshold_meets, threshold_very_good, unit, weight, id) 
    values
        (?, ?, ?, ?, ?, ?, ?, ?, ?, ?, ?, ?, ?)
Hibernate: 
    insert 
    into
        objectives
        (department_id, name, weight, id) 
    values
        (?, ?, ?, ?)
Hibernate: 
    insert 
    into
        key_results
        (actual_value, description, metric_type, name, objective_id, threshold_below, threshold_exceptional, threshold_good, threshold_meets, threshold_very_good, unit, weight, id) 
    values
        (?, ?, ?, ?, ?, ?, ?, ?, ?, ?, ?, ?, ?)
Hibernate: 
    insert 
    into
        key_results
        (actual_value, description, metric_type, name, objective_id, threshold_below, threshold_exceptional, threshold_good, threshold_meets, threshold_very_good, unit, weight, id) 
    values
        (?, ?, ?, ?, ?, ?, ?, ?, ?, ?, ?, ?, ?)
Hibernate: 
    insert 
    into
        key_results
        (actual_value, description, metric_type, name, objective_id, threshold_below, threshold_exceptional, threshold_good, threshold_meets, threshold_very_good, unit, weight, id) 
    values
        (?, ?, ?, ?, ?, ?, ?, ?, ?, ?, ?, ?, ?)
Hibernate: 
    insert 
    into
        objectives
        (department_id, name, weight, id) 
    values
        (?, ?, ?, ?)
Hibernate: 
    insert 
    into
        key_results
        (actual_value, description, metric_type, name, objective_id, threshold_below, threshold_exceptional, threshold_good, threshold_meets, threshold_very_good, unit, weight, id) 
    values
        (?, ?, ?, ?, ?, ?, ?, ?, ?, ?, ?, ?, ?)
Hibernate: 
    insert 
    into
        key_results
        (actual_value, description, metric_type, name, objective_id, threshold_below, threshold_exceptional, threshold_good, threshold_meets, threshold_very_good, unit, weight, id) 
    values
        (?, ?, ?, ?, ?, ?, ?, ?, ?, ?, ?, ?, ?)
Hibernate: 
    insert 
    into
        key_results
        (actual_value, description, metric_type, name, objective_id, threshold_below, threshold_exceptional, threshold_good, threshold_meets, threshold_very_good, unit, weight, id) 
    values
        (?, ?, ?, ?, ?, ?, ?, ?, ?, ?, ?, ?, ?)
Hibernate: 
    insert 
    into
        key_results
        (actual_value, description, metric_type, name, objective_id, threshold_below, threshold_exceptional, threshold_good, threshold_meets, threshold_very_good, unit, weight, id) 
    values
        (?, ?, ?, ?, ?, ?, ?, ?, ?, ?, ?, ?, ?)
Hibernate: 
    insert 
    into
        objectives
        (department_id, name, weight, id) 
    values
        (?, ?, ?, ?)
Hibernate: 
    insert 
    into
        key_results
        (actual_value, description, metric_type, name, objective_id, threshold_below, threshold_exceptional, threshold_good, threshold_meets, threshold_very_good, unit, weight, id) 
    values
        (?, ?, ?, ?, ?, ?, ?, ?, ?, ?, ?, ?, ?)
Hibernate: 
    insert 
    into
        key_results
        (actual_value, description, metric_type, name, objective_id, threshold_below, threshold_exceptional, threshold_good, threshold_meets, threshold_very_good, unit, weight, id) 
    values
        (?, ?, ?, ?, ?, ?, ?, ?, ?, ?, ?, ?, ?)
Hibernate: 
    insert 
    into
        key_results
        (actual_value, description, metric_type, name, objective_id, threshold_below, threshold_exceptional, threshold_good, threshold_meets, threshold_very_good, unit, weight, id) 
    values
        (?, ?, ?, ?, ?, ?, ?, ?, ?, ?, ?, ?, ?)
Hibernate: 
    delete 
    from
        key_results 
    where
        id=?
Hibernate: 
    delete 
    from
        key_results 
    where
        id=?
Hibernate: 
    delete 
    from
        key_results 
    where
        id=?
Hibernate: 
    delete 
    from
        objectives 
    where
        id=?
Hibernate: 
    delete 
    from
        key_results 
    where
        id=?
Hibernate: 
    delete 
    from
        key_results 
    where
        id=?
Hibernate: 
    delete 
    from
        key_results 
    where
        id=?
Hibernate: 
    delete 
    from
        key_results 
    where
        id=?
Hibernate: 
    delete 
    from
        objectives 
    where
        id=?
Hibernate: 
    delete 
    from
        key_results 
    where
        id=?
Hibernate: 
    delete 
    from
        key_results 
    where
        id=?
Hibernate: 
    delete 
    from
        key_results 
    where
        id=?
Hibernate: 
    delete 
    from
        key_results 
    where
        id=?
Hibernate: 
    delete 
    from
        objectives 
    where
        id=?
Hibernate: 
    delete 
    from
        key_results 
    where
        id=?
Hibernate: 
    delete 
    from
        key_results 
    where
        id=?
Hibernate: 
    delete 
    from
        key_results 
    where
        id=?
Hibernate: 
    delete 
    from
        objectives 
    where
        id=?
Hibernate: 
    delete 
    from
        key_results 
    where
        id=?
Hibernate: 
    delete 
    from
        key_results 
    where
        id=?
Hibernate: 
    delete 
    from
        key_results 
    where
        id=?
Hibernate: 
    delete 
    from
        key_results 
    where
        id=?
Hibernate: 
    delete 
    from
        objectives 
    where
        id=?
Hibernate: 
    delete 
    from
        key_results 
    where
        id=?
Hibernate: 
    delete 
    from
        key_results 
    where
        id=?
Hibernate: 
    delete 
    from
        key_results 
    where
        id=?
Hibernate: 
    delete 
    from
        objectives 
    where
        id=?
Hibernate: 
    delete 
    from
        department 
    where
        id=?
Hibernate: 
    select
        d1_0.id,
        d1_0.created_at,
        d1_0.name,
        d1_0.updated_at 
    from
        department d1_0
Hibernate: 
    select
        o1_0.department_id,
        o1_0.id,
        o1_0.name,
        o1_0.weight 
    from
        objectives o1_0 
    where
        o1_0.department_id=?
Hibernate: 
    select
        kr1_0.objective_id,
        kr1_0.id,
        kr1_0.actual_value,
        kr1_0.description,
        kr1_0.metric_type,
        kr1_0.name,
        kr1_0.threshold_below,
        kr1_0.threshold_exceptional,
        kr1_0.threshold_good,
        kr1_0.threshold_meets,
        kr1_0.threshold_very_good,
        kr1_0.unit,
        kr1_0.weight 
    from
        key_results kr1_0 
    where
        kr1_0.objective_id=?
Hibernate: 
    select
        sl1_0.id,
        sl1_0.color,
        sl1_0.display_order,
        sl1_0.is_default,
        sl1_0.name,
        sl1_0.score_value 
    from
        score_levels sl1_0 
    order by
        sl1_0.display_order
Hibernate: 
    select
        kr1_0.objective_id,
        kr1_0.id,
        kr1_0.actual_value,
        kr1_0.description,
        kr1_0.metric_type,
        kr1_0.name,
        kr1_0.threshold_below,
        kr1_0.threshold_exceptional,
        kr1_0.threshold_good,
        kr1_0.threshold_meets,
        kr1_0.threshold_very_good,
        kr1_0.unit,
        kr1_0.weight 
    from
        key_results kr1_0 
    where
        kr1_0.objective_id=?
Hibernate: 
    select
        kr1_0.objective_id,
        kr1_0.id,
        kr1_0.actual_value,
        kr1_0.description,
        kr1_0.metric_type,
        kr1_0.name,
        kr1_0.threshold_below,
        kr1_0.threshold_exceptional,
        kr1_0.threshold_good,
        kr1_0.threshold_meets,
        kr1_0.threshold_very_good,
        kr1_0.unit,
        kr1_0.weight 
    from
        key_results kr1_0 
    where
        kr1_0.objective_id=?
Hibernate: 
    select
        kr1_0.objective_id,
        kr1_0.id,
        kr1_0.actual_value,
        kr1_0.description,
        kr1_0.metric_type,
        kr1_0.name,
        kr1_0.threshold_below,
        kr1_0.threshold_exceptional,
        kr1_0.threshold_good,
        kr1_0.threshold_meets,
        kr1_0.threshold_very_good,
        kr1_0.unit,
        kr1_0.weight 
    from
        key_results kr1_0 
    where
        kr1_0.objective_id=?
Hibernate: 
    select
        kr1_0.objective_id,
        kr1_0.id,
        kr1_0.actual_value,
        kr1_0.description,
        kr1_0.metric_type,
        kr1_0.name,
        kr1_0.threshold_below,
        kr1_0.threshold_exceptional,
        kr1_0.threshold_good,
        kr1_0.threshold_meets,
        kr1_0.threshold_very_good,
        kr1_0.unit,
        kr1_0.weight 
    from
        key_results kr1_0 
    where
        kr1_0.objective_id=?
Hibernate: 
    select
        kr1_0.objective_id,
        kr1_0.id,
        kr1_0.actual_value,
        kr1_0.description,
        kr1_0.metric_type,
        kr1_0.name,
        kr1_0.threshold_below,
        kr1_0.threshold_exceptional,
        kr1_0.threshold_good,
        kr1_0.threshold_meets,
        kr1_0.threshold_very_good,
        kr1_0.unit,
        kr1_0.weight 
    from
        key_results kr1_0 
    where
        kr1_0.objective_id=?
Hibernate: 
    select
        d1_0.id,
        d1_0.created_at,
        d1_0.name,
        d1_0.updated_at 
    from
        department d1_0
Hibernate: 
    select
        o1_0.department_id,
        o1_0.id,
        o1_0.name,
        o1_0.weight 
    from
        objectives o1_0 
    where
        o1_0.department_id=?
Hibernate: 
    select
        kr1_0.objective_id,
        kr1_0.id,
        kr1_0.actual_value,
        kr1_0.description,
        kr1_0.metric_type,
        kr1_0.name,
        kr1_0.threshold_below,
        kr1_0.threshold_exceptional,
        kr1_0.threshold_good,
        kr1_0.threshold_meets,
        kr1_0.threshold_very_good,
        kr1_0.unit,
        kr1_0.weight 
    from
        key_results kr1_0 
    where
        kr1_0.objective_id=?
Hibernate: 
    select
        sl1_0.id,
        sl1_0.color,
        sl1_0.display_order,
        sl1_0.is_default,
        sl1_0.name,
        sl1_0.score_value 
    from
        score_levels sl1_0 
    order by
        sl1_0.display_order
Hibernate: 
    select
        kr1_0.objective_id,
        kr1_0.id,
        kr1_0.actual_value,
        kr1_0.description,
        kr1_0.metric_type,
        kr1_0.name,
        kr1_0.threshold_below,
        kr1_0.threshold_exceptional,
        kr1_0.threshold_good,
        kr1_0.threshold_meets,
        kr1_0.threshold_very_good,
        kr1_0.unit,
        kr1_0.weight 
    from
        key_results kr1_0 
    where
        kr1_0.objective_id=?
Hibernate: 
    select
        kr1_0.objective_id,
        kr1_0.id,
        kr1_0.actual_value,
        kr1_0.description,
        kr1_0.metric_type,
        kr1_0.name,
        kr1_0.threshold_below,
        kr1_0.threshold_exceptional,
        kr1_0.threshold_good,
        kr1_0.threshold_meets,
        kr1_0.threshold_very_good,
        kr1_0.unit,
        kr1_0.weight 
    from
        key_results kr1_0 
    where
        kr1_0.objective_id=?
Hibernate: 
    select
        kr1_0.objective_id,
        kr1_0.id,
        kr1_0.actual_value,
        kr1_0.description,
        kr1_0.metric_type,
        kr1_0.name,
        kr1_0.threshold_below,
        kr1_0.threshold_exceptional,
        kr1_0.threshold_good,
        kr1_0.threshold_meets,
        kr1_0.threshold_very_good,
        kr1_0.unit,
        kr1_0.weight 
    from
        key_results kr1_0 
    where
        kr1_0.objective_id=?
Hibernate: 
    select
        kr1_0.objective_id,
        kr1_0.id,
        kr1_0.actual_value,
        kr1_0.description,
        kr1_0.metric_type,
        kr1_0.name,
        kr1_0.threshold_below,
        kr1_0.threshold_exceptional,
        kr1_0.threshold_good,
        kr1_0.threshold_meets,
        kr1_0.threshold_very_good,
        kr1_0.unit,
        kr1_0.weight 
    from
        key_results kr1_0 
    where
        kr1_0.objective_id=?
Hibernate: 
    select
        kr1_0.objective_id,
        kr1_0.id,
        kr1_0.actual_value,
        kr1_0.description,
        kr1_0.metric_type,
        kr1_0.name,
        kr1_0.threshold_below,
        kr1_0.threshold_exceptional,
        kr1_0.threshold_good,
        kr1_0.threshold_meets,
        kr1_0.threshold_very_good,
        kr1_0.unit,
        kr1_0.weight 
    from
        key_results kr1_0 
    where
        kr1_0.objective_id=?
Hibernate: 
    select
        d1_0.id,
        d1_0.created_at,
        d1_0.name,
        d1_0.updated_at 
    from
        department d1_0
Hibernate: 
    select
        o1_0.department_id,
        o1_0.id,
        o1_0.name,
        o1_0.weight 
    from
        objectives o1_0 
    where
        o1_0.department_id=?
Hibernate: 
    select
        kr1_0.objective_id,
        kr1_0.id,
        kr1_0.actual_value,
        kr1_0.description,
        kr1_0.metric_type,
        kr1_0.name,
        kr1_0.threshold_below,
        kr1_0.threshold_exceptional,
        kr1_0.threshold_good,
        kr1_0.threshold_meets,
        kr1_0.threshold_very_good,
        kr1_0.unit,
        kr1_0.weight 
    from
        key_results kr1_0 
    where
        kr1_0.objective_id=?
Hibernate: 
    select
        sl1_0.id,
        sl1_0.color,
        sl1_0.display_order,
        sl1_0.is_default,
        sl1_0.name,
        sl1_0.score_value 
    from
        score_levels sl1_0 
    order by
        sl1_0.display_order
Hibernate: 
    select
        kr1_0.objective_id,
        kr1_0.id,
        kr1_0.actual_value,
        kr1_0.description,
        kr1_0.metric_type,
        kr1_0.name,
        kr1_0.threshold_below,
        kr1_0.threshold_exceptional,
        kr1_0.threshold_good,
        kr1_0.threshold_meets,
        kr1_0.threshold_very_good,
        kr1_0.unit,
        kr1_0.weight 
    from
        key_results kr1_0 
    where
        kr1_0.objective_id=?
Hibernate: 
    select
        kr1_0.objective_id,
        kr1_0.id,
        kr1_0.actual_value,
        kr1_0.description,
        kr1_0.metric_type,
        kr1_0.name,
        kr1_0.threshold_below,
        kr1_0.threshold_exceptional,
        kr1_0.threshold_good,
        kr1_0.threshold_meets,
        kr1_0.threshold_very_good,
        kr1_0.unit,
        kr1_0.weight 
    from
        key_results kr1_0 
    where
        kr1_0.objective_id=?
Hibernate: 
    select
        kr1_0.objective_id,
        kr1_0.id,
        kr1_0.actual_value,
        kr1_0.description,
        kr1_0.metric_type,
        kr1_0.name,
        kr1_0.threshold_below,
        kr1_0.threshold_exceptional,
        kr1_0.threshold_good,
        kr1_0.threshold_meets,
        kr1_0.threshold_very_good,
        kr1_0.unit,
        kr1_0.weight 
    from
        key_results kr1_0 
    where
        kr1_0.objective_id=?
Hibernate: 
    select
        kr1_0.objective_id,
        kr1_0.id,
        kr1_0.actual_value,
        kr1_0.description,
        kr1_0.metric_type,
        kr1_0.name,
        kr1_0.threshold_below,
        kr1_0.threshold_exceptional,
        kr1_0.threshold_good,
        kr1_0.threshold_meets,
        kr1_0.threshold_very_good,
        kr1_0.unit,
        kr1_0.weight 
    from
        key_results kr1_0 
    where
        kr1_0.objective_id=?
Hibernate: 
    select
        sl1_0.id,
        sl1_0.color,
        sl1_0.display_order,
        sl1_0.is_default,
        sl1_0.name,
        sl1_0.score_value 
    from
        score_levels sl1_0 
    order by
        sl1_0.display_order
Hibernate: 
    select
        kr1_0.objective_id,
        kr1_0.id,
        kr1_0.actual_value,
        kr1_0.description,
        kr1_0.metric_type,
        kr1_0.name,
        kr1_0.threshold_below,
        kr1_0.threshold_exceptional,
        kr1_0.threshold_good,
        kr1_0.threshold_meets,
        kr1_0.threshold_very_good,
        kr1_0.unit,
        kr1_0.weight 
    from
        key_results kr1_0 
    where
        kr1_0.objective_id=?
Hibernate: 
    select
        sl1_0.id,
        sl1_0.color,
        sl1_0.display_order,
        sl1_0.is_default,
        sl1_0.name,
        sl1_0.score_value 
    from
        score_levels sl1_0 
    order by
        sl1_0.display_order
Hibernate: 
    select
        sl1_0.id,
        sl1_0.color,
        sl1_0.display_order,
        sl1_0.is_default,
        sl1_0.name,
        sl1_0.score_value 
    from
        score_levels sl1_0 
    order by
        sl1_0.display_order
Hibernate: 
    select
        sl1_0.id,
        sl1_0.color,
        sl1_0.display_order,
        sl1_0.is_default,
        sl1_0.name,
        sl1_0.score_value 
    from
        score_levels sl1_0 
    order by
        sl1_0.display_order
Hibernate: 
    select
        sl1_0.id,
        sl1_0.color,
        sl1_0.display_order,
        sl1_0.is_default,
        sl1_0.name,
        sl1_0.score_value 
    from
        score_levels sl1_0 
    order by
        sl1_0.display_order
Hibernate: 
    select
        sl1_0.id,
        sl1_0.color,
        sl1_0.display_order,
        sl1_0.is_default,
        sl1_0.name,
        sl1_0.score_value 
    from
        score_levels sl1_0 
    order by
        sl1_0.display_order
Hibernate: 
    select
        sl1_0.id,
        sl1_0.color,
        sl1_0.display_order,
        sl1_0.is_default,
        sl1_0.name,
        sl1_0.score_value 
    from
        score_levels sl1_0 
    order by
        sl1_0.display_order
Hibernate: 
    select
        sl1_0.id,
        sl1_0.color,
        sl1_0.display_order,
        sl1_0.is_default,
        sl1_0.name,
        sl1_0.score_value 
    from
        score_levels sl1_0 
    order by
        sl1_0.display_order
Hibernate: 
    select
        sl1_0.id,
        sl1_0.color,
        sl1_0.display_order,
        sl1_0.is_default,
        sl1_0.name,
        sl1_0.score_value 
    from
        score_levels sl1_0 
    order by
        sl1_0.display_order
Hibernate: 
    select
        sl1_0.id,
        sl1_0.color,
        sl1_0.display_order,
        sl1_0.is_default,
        sl1_0.name,
        sl1_0.score_value 
    from
        score_levels sl1_0 
    order by
        sl1_0.display_order
Hibernate: 
    select
        sl1_0.id,
        sl1_0.color,
        sl1_0.display_order,
        sl1_0.is_default,
        sl1_0.name,
        sl1_0.score_value 
    from
        score_levels sl1_0 
    order by
        sl1_0.display_order
Hibernate: 
    select
        sl1_0.id,
        sl1_0.color,
        sl1_0.display_order,
        sl1_0.is_default,
        sl1_0.name,
        sl1_0.score_value 
    from
        score_levels sl1_0 
    order by
        sl1_0.display_order
Hibernate: 
    select
        sl1_0.id,
        sl1_0.color,
        sl1_0.display_order,
        sl1_0.is_default,
        sl1_0.name,
        sl1_0.score_value 
    from
        score_levels sl1_0 
    order by
        sl1_0.display_order
Hibernate: 
    select
        sl1_0.id,
        sl1_0.color,
        sl1_0.display_order,
        sl1_0.is_default,
        sl1_0.name,
        sl1_0.score_value 
    from
        score_levels sl1_0 
    order by
        sl1_0.display_order
Hibernate: 
    select
        sl1_0.id,
        sl1_0.color,
        sl1_0.display_order,
        sl1_0.is_default,
        sl1_0.name,
        sl1_0.score_value 
    from
        score_levels sl1_0 
    order by
        sl1_0.display_order
Hibernate: 
    select
        sl1_0.id,
        sl1_0.color,
        sl1_0.display_order,
        sl1_0.is_default,
        sl1_0.name,
        sl1_0.score_value 
    from
        score_levels sl1_0 
    order by
        sl1_0.display_order
Hibernate: 
    select
        sl1_0.id,
        sl1_0.color,
        sl1_0.display_order,
        sl1_0.is_default,
        sl1_0.name,
        sl1_0.score_value 
    from
        score_levels sl1_0 
    order by
        sl1_0.display_order
Hibernate: 
    select
        sl1_0.id,
        sl1_0.color,
        sl1_0.display_order,
        sl1_0.is_default,
        sl1_0.name,
        sl1_0.score_value 
    from
        score_levels sl1_0 
    order by
        sl1_0.display_order
Hibernate: 
    select
        d1_0.id,
        d1_0.created_at,
        d1_0.name,
        d1_0.updated_at 
    from
        department d1_0
Hibernate: 
    select
        o1_0.department_id,
        o1_0.id,
        o1_0.name,
        o1_0.weight 
    from
        objectives o1_0 
    where
        o1_0.department_id=?
Hibernate: 
    select
        kr1_0.objective_id,
        kr1_0.id,
        kr1_0.actual_value,
        kr1_0.description,
        kr1_0.metric_type,
        kr1_0.name,
        kr1_0.threshold_below,
        kr1_0.threshold_exceptional,
        kr1_0.threshold_good,
        kr1_0.threshold_meets,
        kr1_0.threshold_very_good,
        kr1_0.unit,
        kr1_0.weight 
    from
        key_results kr1_0 
    where
        kr1_0.objective_id=?
Hibernate: 
    select
        sl1_0.id,
        sl1_0.color,
        sl1_0.display_order,
        sl1_0.is_default,
        sl1_0.name,
        sl1_0.score_value 
    from
        score_levels sl1_0 
    order by
        sl1_0.display_order
Hibernate: 
    select
        kr1_0.objective_id,
        kr1_0.id,
        kr1_0.actual_value,
        kr1_0.description,
        kr1_0.metric_type,
        kr1_0.name,
        kr1_0.threshold_below,
        kr1_0.threshold_exceptional,
        kr1_0.threshold_good,
        kr1_0.threshold_meets,
        kr1_0.threshold_very_good,
        kr1_0.unit,
        kr1_0.weight 
    from
        key_results kr1_0 
    where
        kr1_0.objective_id=?
Hibernate: 
    select
        kr1_0.objective_id,
        kr1_0.id,
        kr1_0.actual_value,
        kr1_0.description,
        kr1_0.metric_type,
        kr1_0.name,
        kr1_0.threshold_below,
        kr1_0.threshold_exceptional,
        kr1_0.threshold_good,
        kr1_0.threshold_meets,
        kr1_0.threshold_very_good,
        kr1_0.unit,
        kr1_0.weight 
    from
        key_results kr1_0 
    where
        kr1_0.objective_id=?
Hibernate: 
    select
        kr1_0.objective_id,
        kr1_0.id,
        kr1_0.actual_value,
        kr1_0.description,
        kr1_0.metric_type,
        kr1_0.name,
        kr1_0.threshold_below,
        kr1_0.threshold_exceptional,
        kr1_0.threshold_good,
        kr1_0.threshold_meets,
        kr1_0.threshold_very_good,
        kr1_0.unit,
        kr1_0.weight 
    from
        key_results kr1_0 
    where
        kr1_0.objective_id=?
Hibernate: 
    select
        kr1_0.objective_id,
        kr1_0.id,
        kr1_0.actual_value,
        kr1_0.description,
        kr1_0.metric_type,
        kr1_0.name,
        kr1_0.threshold_below,
        kr1_0.threshold_exceptional,
        kr1_0.threshold_good,
        kr1_0.threshold_meets,
        kr1_0.threshold_very_good,
        kr1_0.unit,
        kr1_0.weight 
    from
        key_results kr1_0 
    where
        kr1_0.objective_id=?
Hibernate: 
    select
        kr1_0.objective_id,
        kr1_0.id,
        kr1_0.actual_value,
        kr1_0.description,
        kr1_0.metric_type,
        kr1_0.name,
        kr1_0.threshold_below,
        kr1_0.threshold_exceptional,
        kr1_0.threshold_good,
        kr1_0.threshold_meets,
        kr1_0.threshold_very_good,
        kr1_0.unit,
        kr1_0.weight 
    from
        key_results kr1_0 
    where
        kr1_0.objective_id=?
Hibernate: 
    select
        d1_0.id,
        d1_0.created_at,
        d1_0.name,
        d1_0.updated_at 
    from
        department d1_0
Hibernate: 
    select
        o1_0.department_id,
        o1_0.id,
        o1_0.name,
        o1_0.weight 
    from
        objectives o1_0 
    where
        o1_0.department_id=?
Hibernate: 
    select
        kr1_0.objective_id,
        kr1_0.id,
        kr1_0.actual_value,
        kr1_0.description,
        kr1_0.metric_type,
        kr1_0.name,
        kr1_0.threshold_below,
        kr1_0.threshold_exceptional,
        kr1_0.threshold_good,
        kr1_0.threshold_meets,
        kr1_0.threshold_very_good,
        kr1_0.unit,
        kr1_0.weight 
    from
        key_results kr1_0 
    where
        kr1_0.objective_id=?
Hibernate: 
    select
        sl1_0.id,
        sl1_0.color,
        sl1_0.display_order,
        sl1_0.is_default,
        sl1_0.name,
        sl1_0.score_value 
    from
        score_levels sl1_0 
    order by
        sl1_0.display_order
Hibernate: 
    select
        kr1_0.objective_id,
        kr1_0.id,
        kr1_0.actual_value,
        kr1_0.description,
        kr1_0.metric_type,
        kr1_0.name,
        kr1_0.threshold_below,
        kr1_0.threshold_exceptional,
        kr1_0.threshold_good,
        kr1_0.threshold_meets,
        kr1_0.threshold_very_good,
        kr1_0.unit,
        kr1_0.weight 
    from
        key_results kr1_0 
    where
        kr1_0.objective_id=?
Hibernate: 
    select
        kr1_0.objective_id,
        kr1_0.id,
        kr1_0.actual_value,
        kr1_0.description,
        kr1_0.metric_type,
        kr1_0.name,
        kr1_0.threshold_below,
        kr1_0.threshold_exceptional,
        kr1_0.threshold_good,
        kr1_0.threshold_meets,
        kr1_0.threshold_very_good,
        kr1_0.unit,
        kr1_0.weight 
    from
        key_results kr1_0 
    where
        kr1_0.objective_id=?
Hibernate: 
    select
        kr1_0.objective_id,
        kr1_0.id,
        kr1_0.actual_value,
        kr1_0.description,
        kr1_0.metric_type,
        kr1_0.name,
        kr1_0.threshold_below,
        kr1_0.threshold_exceptional,
        kr1_0.threshold_good,
        kr1_0.threshold_meets,
        kr1_0.threshold_very_good,
        kr1_0.unit,
        kr1_0.weight 
    from
        key_results kr1_0 
    where
        kr1_0.objective_id=?
Hibernate: 
    select
        kr1_0.objective_id,
        kr1_0.id,
        kr1_0.actual_value,
        kr1_0.description,
        kr1_0.metric_type,
        kr1_0.name,
        kr1_0.threshold_below,
        kr1_0.threshold_exceptional,
        kr1_0.threshold_good,
        kr1_0.threshold_meets,
        kr1_0.threshold_very_good,
        kr1_0.unit,
        kr1_0.weight 
    from
        key_results kr1_0 
    where
        kr1_0.objective_id=?
Hibernate: 
    select
        kr1_0.objective_id,
        kr1_0.id,
        kr1_0.actual_value,
        kr1_0.description,
        kr1_0.metric_type,
        kr1_0.name,
        kr1_0.threshold_below,
        kr1_0.threshold_exceptional,
        kr1_0.threshold_good,
        kr1_0.threshold_meets,
        kr1_0.threshold_very_good,
        kr1_0.unit,
        kr1_0.weight 
    from
        key_results kr1_0 
    where
        kr1_0.objective_id=?
Hibernate: 
    select
        sl1_0.id,
        sl1_0.color,
        sl1_0.display_order,
        sl1_0.is_default,
        sl1_0.name,
        sl1_0.score_value 
    from
        score_levels sl1_0 
    order by
        sl1_0.display_order
Hibernate: 
    select
        sl1_0.id,
        sl1_0.color,
        sl1_0.display_order,
        sl1_0.is_default,
        sl1_0.name,
        sl1_0.score_value 
    from
        score_levels sl1_0 
    order by
        sl1_0.display_order
Hibernate: 
    select
        sl1_0.id,
        sl1_0.color,
        sl1_0.display_order,
        sl1_0.is_default,
        sl1_0.name,
        sl1_0.score_value 
    from
        score_levels sl1_0 
    order by
        sl1_0.display_order
Hibernate: 
    select
        sl1_0.id,
        sl1_0.color,
        sl1_0.display_order,
        sl1_0.is_default,
        sl1_0.name,
        sl1_0.score_value 
    from
        score_levels sl1_0 
    order by
        sl1_0.display_order
Hibernate: 
    select
        d1_0.id,
        d1_0.created_at,
        d1_0.name,
        d1_0.updated_at 
    from
        department d1_0
Hibernate: 
    select
        o1_0.department_id,
        o1_0.id,
        o1_0.name,
        o1_0.weight 
    from
        objectives o1_0 
    where
        o1_0.department_id=?
Hibernate: 
    select
        kr1_0.objective_id,
        kr1_0.id,
        kr1_0.actual_value,
        kr1_0.description,
        kr1_0.metric_type,
        kr1_0.name,
        kr1_0.threshold_below,
        kr1_0.threshold_exceptional,
        kr1_0.threshold_good,
        kr1_0.threshold_meets,
        kr1_0.threshold_very_good,
        kr1_0.unit,
        kr1_0.weight 
    from
        key_results kr1_0 
    where
        kr1_0.objective_id=?
Hibernate: 
    select
        sl1_0.id,
        sl1_0.color,
        sl1_0.display_order,
        sl1_0.is_default,
        sl1_0.name,
        sl1_0.score_value 
    from
        score_levels sl1_0 
    order by
        sl1_0.display_order
Hibernate: 
    select
        kr1_0.objective_id,
        kr1_0.id,
        kr1_0.actual_value,
        kr1_0.description,
        kr1_0.metric_type,
        kr1_0.name,
        kr1_0.threshold_below,
        kr1_0.threshold_exceptional,
        kr1_0.threshold_good,
        kr1_0.threshold_meets,
        kr1_0.threshold_very_good,
        kr1_0.unit,
        kr1_0.weight 
    from
        key_results kr1_0 
    where
        kr1_0.objective_id=?
Hibernate: 
    select
        kr1_0.objective_id,
        kr1_0.id,
        kr1_0.actual_value,
        kr1_0.description,
        kr1_0.metric_type,
        kr1_0.name,
        kr1_0.threshold_below,
        kr1_0.threshold_exceptional,
        kr1_0.threshold_good,
        kr1_0.threshold_meets,
        kr1_0.threshold_very_good,
        kr1_0.unit,
        kr1_0.weight 
    from
        key_results kr1_0 
    where
        kr1_0.objective_id=?
Hibernate: 
    select
        kr1_0.objective_id,
        kr1_0.id,
        kr1_0.actual_value,
        kr1_0.description,
        kr1_0.metric_type,
        kr1_0.name,
        kr1_0.threshold_below,
        kr1_0.threshold_exceptional,
        kr1_0.threshold_good,
        kr1_0.threshold_meets,
        kr1_0.threshold_very_good,
        kr1_0.unit,
        kr1_0.weight 
    from
        key_results kr1_0 
    where
        kr1_0.objective_id=?
Hibernate: 
    select
        kr1_0.objective_id,
        kr1_0.id,
        kr1_0.actual_value,
        kr1_0.description,
        kr1_0.metric_type,
        kr1_0.name,
        kr1_0.threshold_below,
        kr1_0.threshold_exceptional,
        kr1_0.threshold_good,
        kr1_0.threshold_meets,
        kr1_0.threshold_very_good,
        kr1_0.unit,
        kr1_0.weight 
    from
        key_results kr1_0 
    where
        kr1_0.objective_id=?
Hibernate: 
    select
        kr1_0.objective_id,
        kr1_0.id,
        kr1_0.actual_value,
        kr1_0.description,
        kr1_0.metric_type,
        kr1_0.name,
        kr1_0.threshold_below,
        kr1_0.threshold_exceptional,
        kr1_0.threshold_good,
        kr1_0.threshold_meets,
        kr1_0.threshold_very_good,
        kr1_0.unit,
        kr1_0.weight 
    from
        key_results kr1_0 
    where
        kr1_0.objective_id=?
Hibernate: 
    select
        d1_0.id,
        d1_0.created_at,
        d1_0.name,
        d1_0.updated_at 
    from
        department d1_0
Hibernate: 
    select
        o1_0.department_id,
        o1_0.id,
        o1_0.name,
        o1_0.weight 
    from
        objectives o1_0 
    where
        o1_0.department_id=?
Hibernate: 
    select
        kr1_0.objective_id,
        kr1_0.id,
        kr1_0.actual_value,
        kr1_0.description,
        kr1_0.metric_type,
        kr1_0.name,
        kr1_0.threshold_below,
        kr1_0.threshold_exceptional,
        kr1_0.threshold_good,
        kr1_0.threshold_meets,
        kr1_0.threshold_very_good,
        kr1_0.unit,
        kr1_0.weight 
    from
        key_results kr1_0 
    where
        kr1_0.objective_id=?
Hibernate: 
    select
        sl1_0.id,
        sl1_0.color,
        sl1_0.display_order,
        sl1_0.is_default,
        sl1_0.name,
        sl1_0.score_value 
    from
        score_levels sl1_0 
    order by
        sl1_0.display_order
Hibernate: 
    select
        kr1_0.objective_id,
        kr1_0.id,
        kr1_0.actual_value,
        kr1_0.description,
        kr1_0.metric_type,
        kr1_0.name,
        kr1_0.threshold_below,
        kr1_0.threshold_exceptional,
        kr1_0.threshold_good,
        kr1_0.threshold_meets,
        kr1_0.threshold_very_good,
        kr1_0.unit,
        kr1_0.weight 
    from
        key_results kr1_0 
    where
        kr1_0.objective_id=?
Hibernate: 
    select
        kr1_0.objective_id,
        kr1_0.id,
        kr1_0.actual_value,
        kr1_0.description,
        kr1_0.metric_type,
        kr1_0.name,
        kr1_0.threshold_below,
        kr1_0.threshold_exceptional,
        kr1_0.threshold_good,
        kr1_0.threshold_meets,
        kr1_0.threshold_very_good,
        kr1_0.unit,
        kr1_0.weight 
    from
        key_results kr1_0 
    where
        kr1_0.objective_id=?
Hibernate: 
    select
        kr1_0.objective_id,
        kr1_0.id,
        kr1_0.actual_value,
        kr1_0.description,
        kr1_0.metric_type,
        kr1_0.name,
        kr1_0.threshold_below,
        kr1_0.threshold_exceptional,
        kr1_0.threshold_good,
        kr1_0.threshold_meets,
        kr1_0.threshold_very_good,
        kr1_0.unit,
        kr1_0.weight 
    from
        key_results kr1_0 
    where
        kr1_0.objective_id=?
Hibernate: 
    select
        kr1_0.objective_id,
        kr1_0.id,
        kr1_0.actual_value,
        kr1_0.description,
        kr1_0.metric_type,
        kr1_0.name,
        kr1_0.threshold_below,
        kr1_0.threshold_exceptional,
        kr1_0.threshold_good,
        kr1_0.threshold_meets,
        kr1_0.threshold_very_good,
        kr1_0.unit,
        kr1_0.weight 
    from
        key_results kr1_0 
    where
        kr1_0.objective_id=?
Hibernate: 
    select
        kr1_0.objective_id,
        kr1_0.id,
        kr1_0.actual_value,
        kr1_0.description,
        kr1_0.metric_type,
        kr1_0.name,
        kr1_0.threshold_below,
        kr1_0.threshold_exceptional,
        kr1_0.threshold_good,
        kr1_0.threshold_meets,
        kr1_0.threshold_very_good,
        kr1_0.unit,
        kr1_0.weight 
    from
        key_results kr1_0 
    where
        kr1_0.objective_id=?
Hibernate: 
    select
        d1_0.id,
        d1_0.created_at,
        d1_0.name,
        d1_0.updated_at 
    from
        department d1_0
Hibernate: 
    select
        o1_0.department_id,
        o1_0.id,
        o1_0.name,
        o1_0.weight 
    from
        objectives o1_0 
    where
        o1_0.department_id=?
Hibernate: 
    select
        kr1_0.objective_id,
        kr1_0.id,
        kr1_0.actual_value,
        kr1_0.description,
        kr1_0.metric_type,
        kr1_0.name,
        kr1_0.threshold_below,
        kr1_0.threshold_exceptional,
        kr1_0.threshold_good,
        kr1_0.threshold_meets,
        kr1_0.threshold_very_good,
        kr1_0.unit,
        kr1_0.weight 
    from
        key_results kr1_0 
    where
        kr1_0.objective_id=?
Hibernate: 
    select
        sl1_0.id,
        sl1_0.color,
        sl1_0.display_order,
        sl1_0.is_default,
        sl1_0.name,
        sl1_0.score_value 
    from
        score_levels sl1_0 
    order by
        sl1_0.display_order
Hibernate: 
    select
        kr1_0.objective_id,
        kr1_0.id,
        kr1_0.actual_value,
        kr1_0.description,
        kr1_0.metric_type,
        kr1_0.name,
        kr1_0.threshold_below,
        kr1_0.threshold_exceptional,
        kr1_0.threshold_good,
        kr1_0.threshold_meets,
        kr1_0.threshold_very_good,
        kr1_0.unit,
        kr1_0.weight 
    from
        key_results kr1_0 
    where
        kr1_0.objective_id=?
Hibernate: 
    select
        kr1_0.objective_id,
        kr1_0.id,
        kr1_0.actual_value,
        kr1_0.description,
        kr1_0.metric_type,
        kr1_0.name,
        kr1_0.threshold_below,
        kr1_0.threshold_exceptional,
        kr1_0.threshold_good,
        kr1_0.threshold_meets,
        kr1_0.threshold_very_good,
        kr1_0.unit,
        kr1_0.weight 
    from
        key_results kr1_0 
    where
        kr1_0.objective_id=?
Hibernate: 
    select
        kr1_0.objective_id,
        kr1_0.id,
        kr1_0.actual_value,
        kr1_0.description,
        kr1_0.metric_type,
        kr1_0.name,
        kr1_0.threshold_below,
        kr1_0.threshold_exceptional,
        kr1_0.threshold_good,
        kr1_0.threshold_meets,
        kr1_0.threshold_very_good,
        kr1_0.unit,
        kr1_0.weight 
    from
        key_results kr1_0 
    where
        kr1_0.objective_id=?
Hibernate: 
    select
        kr1_0.objective_id,
        kr1_0.id,
        kr1_0.actual_value,
        kr1_0.description,
        kr1_0.metric_type,
        kr1_0.name,
        kr1_0.threshold_below,
        kr1_0.threshold_exceptional,
        kr1_0.threshold_good,
        kr1_0.threshold_meets,
        kr1_0.threshold_very_good,
        kr1_0.unit,
        kr1_0.weight 
    from
        key_results kr1_0 
    where
        kr1_0.objective_id=?
Hibernate: 
    select
        kr1_0.objective_id,
        kr1_0.id,
        kr1_0.actual_value,
        kr1_0.description,
        kr1_0.metric_type,
        kr1_0.name,
        kr1_0.threshold_below,
        kr1_0.threshold_exceptional,
        kr1_0.threshold_good,
        kr1_0.threshold_meets,
        kr1_0.threshold_very_good,
        kr1_0.unit,
        kr1_0.weight 
    from
        key_results kr1_0 
    where
        kr1_0.objective_id=?
Hibernate: 
    select
        sl1_0.id,
        sl1_0.color,
        sl1_0.display_order,
        sl1_0.is_default,
        sl1_0.name,
        sl1_0.score_value 
    from
        score_levels sl1_0 
    order by
        sl1_0.display_order
Hibernate: 
    select
        sl1_0.id,
        sl1_0.color,
        sl1_0.display_order,
        sl1_0.is_default,
        sl1_0.name,
        sl1_0.score_value 
    from
        score_levels sl1_0 
    order by
        sl1_0.display_order
Hibernate: 
    select
        sl1_0.id,
        sl1_0.color,
        sl1_0.display_order,
        sl1_0.is_default,
        sl1_0.name,
        sl1_0.score_value 
    from
        score_levels sl1_0 
    order by
        sl1_0.display_order
Hibernate: 
    select
        sl1_0.id,
        sl1_0.color,
        sl1_0.display_order,
        sl1_0.is_default,
        sl1_0.name,
        sl1_0.score_value 
    from
        score_levels sl1_0 
    order by
        sl1_0.display_order
Hibernate: 
    select
        sl1_0.id,
        sl1_0.color,
        sl1_0.display_order,
        sl1_0.is_default,
        sl1_0.name,
        sl1_0.score_value 
    from
        score_levels sl1_0 
    order by
        sl1_0.display_order
Hibernate: 
    select
        sl1_0.id,
        sl1_0.color,
        sl1_0.display_order,
        sl1_0.is_default,
        sl1_0.name,
        sl1_0.score_value 
    from
        score_levels sl1_0 
    order by
        sl1_0.display_order
Hibernate: 
    select
        sl1_0.id,
        sl1_0.color,
        sl1_0.display_order,
        sl1_0.is_default,
        sl1_0.name,
        sl1_0.score_value 
    from
        score_levels sl1_0 
    order by
        sl1_0.display_order
Hibernate: 
    select
        sl1_0.id,
        sl1_0.color,
        sl1_0.display_order,
        sl1_0.is_default,
        sl1_0.name,
        sl1_0.score_value 
    from
        score_levels sl1_0 
    order by
        sl1_0.display_order
Hibernate: 
    select
        sl1_0.id,
        sl1_0.color,
        sl1_0.display_order,
        sl1_0.is_default,
        sl1_0.name,
        sl1_0.score_value 
    from
        score_levels sl1_0 
    order by
        sl1_0.display_order
Hibernate: 
    select
        sl1_0.id,
        sl1_0.color,
        sl1_0.display_order,
        sl1_0.is_default,
        sl1_0.name,
        sl1_0.score_value 
    from
        score_levels sl1_0 
    order by
        sl1_0.display_order
Hibernate: 
    select
        sl1_0.id,
        sl1_0.color,
        sl1_0.display_order,
        sl1_0.is_default,
        sl1_0.name,
        sl1_0.score_value 
    from
        score_levels sl1_0 
    order by
        sl1_0.display_order
Hibernate: 
    select
        sl1_0.id,
        sl1_0.color,
        sl1_0.display_order,
        sl1_0.is_default,
        sl1_0.name,
        sl1_0.score_value 
    from
        score_levels sl1_0 
    order by
        sl1_0.display_order
Hibernate: 
    select
        sl1_0.id,
        sl1_0.color,
        sl1_0.display_order,
        sl1_0.is_default,
        sl1_0.name,
        sl1_0.score_value 
    from
        score_levels sl1_0 
    order by
        sl1_0.display_order
Hibernate: 
    select
        sl1_0.id,
        sl1_0.color,
        sl1_0.display_order,
        sl1_0.is_default,
        sl1_0.name,
        sl1_0.score_value 
    from
        score_levels sl1_0 
    order by
        sl1_0.display_order
Hibernate: 
    select
        sl1_0.id,
        sl1_0.color,
        sl1_0.display_order,
        sl1_0.is_default,
        sl1_0.name,
        sl1_0.score_value 
    from
        score_levels sl1_0 
    order by
        sl1_0.display_order
Hibernate: 
    select
        sl1_0.id,
        sl1_0.color,
        sl1_0.display_order,
        sl1_0.is_default,
        sl1_0.name,
        sl1_0.score_value 
    from
        score_levels sl1_0 
    order by
        sl1_0.display_order
Hibernate: 
    select
        sl1_0.id,
        sl1_0.color,
        sl1_0.display_order,
        sl1_0.is_default,
        sl1_0.name,
        sl1_0.score_value 
    from
        score_levels sl1_0 
    order by
        sl1_0.display_order
Hibernate: 
    select
        sl1_0.id,
        sl1_0.color,
        sl1_0.display_order,
        sl1_0.is_default,
        sl1_0.name,
        sl1_0.score_value 
    from
        score_levels sl1_0 
    order by
        sl1_0.display_order
Hibernate: 
    select
        d1_0.id,
        d1_0.created_at,
        d1_0.name,
        d1_0.updated_at 
    from
        department d1_0
Hibernate: 
    select
        o1_0.department_id,
        o1_0.id,
        o1_0.name,
        o1_0.weight 
    from
        objectives o1_0 
    where
        o1_0.department_id=?
Hibernate: 
    select
        kr1_0.objective_id,
        kr1_0.id,
        kr1_0.actual_value,
        kr1_0.description,
        kr1_0.metric_type,
        kr1_0.name,
        kr1_0.threshold_below,
        kr1_0.threshold_exceptional,
        kr1_0.threshold_good,
        kr1_0.threshold_meets,
        kr1_0.threshold_very_good,
        kr1_0.unit,
        kr1_0.weight 
    from
        key_results kr1_0 
    where
        kr1_0.objective_id=?
Hibernate: 
    select
        sl1_0.id,
        sl1_0.color,
        sl1_0.display_order,
        sl1_0.is_default,
        sl1_0.name,
        sl1_0.score_value 
    from
        score_levels sl1_0 
    order by
        sl1_0.display_order
Hibernate: 
    select
        kr1_0.objective_id,
        kr1_0.id,
        kr1_0.actual_value,
        kr1_0.description,
        kr1_0.metric_type,
        kr1_0.name,
        kr1_0.threshold_below,
        kr1_0.threshold_exceptional,
        kr1_0.threshold_good,
        kr1_0.threshold_meets,
        kr1_0.threshold_very_good,
        kr1_0.unit,
        kr1_0.weight 
    from
        key_results kr1_0 
    where
        kr1_0.objective_id=?
Hibernate: 
    select
        kr1_0.objective_id,
        kr1_0.id,
        kr1_0.actual_value,
        kr1_0.description,
        kr1_0.metric_type,
        kr1_0.name,
        kr1_0.threshold_below,
        kr1_0.threshold_exceptional,
        kr1_0.threshold_good,
        kr1_0.threshold_meets,
        kr1_0.threshold_very_good,
        kr1_0.unit,
        kr1_0.weight 
    from
        key_results kr1_0 
    where
        kr1_0.objective_id=?
Hibernate: 
    select
        kr1_0.objective_id,
        kr1_0.id,
        kr1_0.actual_value,
        kr1_0.description,
        kr1_0.metric_type,
        kr1_0.name,
        kr1_0.threshold_below,
        kr1_0.threshold_exceptional,
        kr1_0.threshold_good,
        kr1_0.threshold_meets,
        kr1_0.threshold_very_good,
        kr1_0.unit,
        kr1_0.weight 
    from
        key_results kr1_0 
    where
        kr1_0.objective_id=?
Hibernate: 
    select
        kr1_0.objective_id,
        kr1_0.id,
        kr1_0.actual_value,
        kr1_0.description,
        kr1_0.metric_type,
        kr1_0.name,
        kr1_0.threshold_below,
        kr1_0.threshold_exceptional,
        kr1_0.threshold_good,
        kr1_0.threshold_meets,
        kr1_0.threshold_very_good,
        kr1_0.unit,
        kr1_0.weight 
    from
        key_results kr1_0 
    where
        kr1_0.objective_id=?
Hibernate: 
    select
        kr1_0.objective_id,
        kr1_0.id,
        kr1_0.actual_value,
        kr1_0.description,
        kr1_0.metric_type,
        kr1_0.name,
        kr1_0.threshold_below,
        kr1_0.threshold_exceptional,
        kr1_0.threshold_good,
        kr1_0.threshold_meets,
        kr1_0.threshold_very_good,
        kr1_0.unit,
        kr1_0.weight 
    from
        key_results kr1_0 
    where
        kr1_0.objective_id=?
Hibernate: 
    select
        d1_0.id,
        d1_0.created_at,
        d1_0.name,
        d1_0.updated_at 
    from
        department d1_0
Hibernate: 
    select
        o1_0.department_id,
        o1_0.id,
        o1_0.name,
        o1_0.weight 
    from
        objectives o1_0 
    where
        o1_0.department_id=?
Hibernate: 
    select
        kr1_0.objective_id,
        kr1_0.id,
        kr1_0.actual_value,
        kr1_0.description,
        kr1_0.metric_type,
        kr1_0.name,
        kr1_0.threshold_below,
        kr1_0.threshold_exceptional,
        kr1_0.threshold_good,
        kr1_0.threshold_meets,
        kr1_0.threshold_very_good,
        kr1_0.unit,
        kr1_0.weight 
    from
        key_results kr1_0 
    where
        kr1_0.objective_id=?
Hibernate: 
    select
        sl1_0.id,
        sl1_0.color,
        sl1_0.display_order,
        sl1_0.is_default,
        sl1_0.name,
        sl1_0.score_value 
    from
        score_levels sl1_0 
    order by
        sl1_0.display_order
Hibernate: 
    select
        kr1_0.objective_id,
        kr1_0.id,
        kr1_0.actual_value,
        kr1_0.description,
        kr1_0.metric_type,
        kr1_0.name,
        kr1_0.threshold_below,
        kr1_0.threshold_exceptional,
        kr1_0.threshold_good,
        kr1_0.threshold_meets,
        kr1_0.threshold_very_good,
        kr1_0.unit,
        kr1_0.weight 
    from
        key_results kr1_0 
    where
        kr1_0.objective_id=?
Hibernate: 
    select
        kr1_0.objective_id,
        kr1_0.id,
        kr1_0.actual_value,
        kr1_0.description,
        kr1_0.metric_type,
        kr1_0.name,
        kr1_0.threshold_below,
        kr1_0.threshold_exceptional,
        kr1_0.threshold_good,
        kr1_0.threshold_meets,
        kr1_0.threshold_very_good,
        kr1_0.unit,
        kr1_0.weight 
    from
        key_results kr1_0 
    where
        kr1_0.objective_id=?
Hibernate: 
    select
        kr1_0.objective_id,
        kr1_0.id,
        kr1_0.actual_value,
        kr1_0.description,
        kr1_0.metric_type,
        kr1_0.name,
        kr1_0.threshold_below,
        kr1_0.threshold_exceptional,
        kr1_0.threshold_good,
        kr1_0.threshold_meets,
        kr1_0.threshold_very_good,
        kr1_0.unit,
        kr1_0.weight 
    from
        key_results kr1_0 
    where
        kr1_0.objective_id=?
Hibernate: 
    select
        kr1_0.objective_id,
        kr1_0.id,
        kr1_0.actual_value,
        kr1_0.description,
        kr1_0.metric_type,
        kr1_0.name,
        kr1_0.threshold_below,
        kr1_0.threshold_exceptional,
        kr1_0.threshold_good,
        kr1_0.threshold_meets,
        kr1_0.threshold_very_good,
        kr1_0.unit,
        kr1_0.weight 
    from
        key_results kr1_0 
    where
        kr1_0.objective_id=?
Hibernate: 
    select
        kr1_0.objective_id,
        kr1_0.id,
        kr1_0.actual_value,
        kr1_0.description,
        kr1_0.metric_type,
        kr1_0.name,
        kr1_0.threshold_below,
        kr1_0.threshold_exceptional,
        kr1_0.threshold_good,
        kr1_0.threshold_meets,
        kr1_0.threshold_very_good,
        kr1_0.unit,
        kr1_0.weight 
    from
        key_results kr1_0 
    where
        kr1_0.objective_id=?
Hibernate: 
    select
        sl1_0.id,
        sl1_0.color,
        sl1_0.display_order,
        sl1_0.is_default,
        sl1_0.name,
        sl1_0.score_value 
    from
        score_levels sl1_0 
    order by
        sl1_0.display_order
Hibernate: 
    select
        sl1_0.id,
        sl1_0.color,
        sl1_0.display_order,
        sl1_0.is_default,
        sl1_0.name,
        sl1_0.score_value 
    from
        score_levels sl1_0 
    order by
        sl1_0.display_order
Hibernate: 
    select
        sl1_0.id,
        sl1_0.color,
        sl1_0.display_order,
        sl1_0.is_default,
        sl1_0.name,
        sl1_0.score_value 
    from
        score_levels sl1_0 
    order by
        sl1_0.display_order
Hibernate: 
    select
        sl1_0.id,
        sl1_0.color,
        sl1_0.display_order,
        sl1_0.is_default,
        sl1_0.name,
        sl1_0.score_value 
    from
        score_levels sl1_0 
    order by
        sl1_0.display_order
Hibernate: 
    select
        sl1_0.id,
        sl1_0.color,
        sl1_0.display_order,
        sl1_0.is_default,
        sl1_0.name,
        sl1_0.score_value 
    from
        score_levels sl1_0 
    order by
        sl1_0.display_order
Hibernate: 
    select
        sl1_0.id,
        sl1_0.color,
        sl1_0.display_order,
        sl1_0.is_default,
        sl1_0.name,
        sl1_0.score_value 
    from
        score_levels sl1_0 
    order by
        sl1_0.display_order
Hibernate: 
    select
        d1_0.id,
        d1_0.created_at,
        d1_0.name,
        d1_0.updated_at 
    from
        department d1_0
Hibernate: 
    select
        o1_0.department_id,
        o1_0.id,
        o1_0.name,
        o1_0.weight 
    from
        objectives o1_0 
    where
        o1_0.department_id=?
Hibernate: 
    select
        kr1_0.objective_id,
        kr1_0.id,
        kr1_0.actual_value,
        kr1_0.description,
        kr1_0.metric_type,
        kr1_0.name,
        kr1_0.threshold_below,
        kr1_0.threshold_exceptional,
        kr1_0.threshold_good,
        kr1_0.threshold_meets,
        kr1_0.threshold_very_good,
        kr1_0.unit,
        kr1_0.weight 
    from
        key_results kr1_0 
    where
        kr1_0.objective_id=?
Hibernate: 
    select
        sl1_0.id,
        sl1_0.color,
        sl1_0.display_order,
        sl1_0.is_default,
        sl1_0.name,
        sl1_0.score_value 
    from
        score_levels sl1_0 
    order by
        sl1_0.display_order
Hibernate: 
    select
        kr1_0.objective_id,
        kr1_0.id,
        kr1_0.actual_value,
        kr1_0.description,
        kr1_0.metric_type,
        kr1_0.name,
        kr1_0.threshold_below,
        kr1_0.threshold_exceptional,
        kr1_0.threshold_good,
        kr1_0.threshold_meets,
        kr1_0.threshold_very_good,
        kr1_0.unit,
        kr1_0.weight 
    from
        key_results kr1_0 
    where
        kr1_0.objective_id=?
Hibernate: 
    select
        kr1_0.objective_id,
        kr1_0.id,
        kr1_0.actual_value,
        kr1_0.description,
        kr1_0.metric_type,
        kr1_0.name,
        kr1_0.threshold_below,
        kr1_0.threshold_exceptional,
        kr1_0.threshold_good,
        kr1_0.threshold_meets,
        kr1_0.threshold_very_good,
        kr1_0.unit,
        kr1_0.weight 
    from
        key_results kr1_0 
    where
        kr1_0.objective_id=?
Hibernate: 
    select
        kr1_0.objective_id,
        kr1_0.id,
        kr1_0.actual_value,
        kr1_0.description,
        kr1_0.metric_type,
        kr1_0.name,
        kr1_0.threshold_below,
        kr1_0.threshold_exceptional,
        kr1_0.threshold_good,
        kr1_0.threshold_meets,
        kr1_0.threshold_very_good,
        kr1_0.unit,
        kr1_0.weight 
    from
        key_results kr1_0 
    where
        kr1_0.objective_id=?
Hibernate: 
    select
        kr1_0.objective_id,
        kr1_0.id,
        kr1_0.actual_value,
        kr1_0.description,
        kr1_0.metric_type,
        kr1_0.name,
        kr1_0.threshold_below,
        kr1_0.threshold_exceptional,
        kr1_0.threshold_good,
        kr1_0.threshold_meets,
        kr1_0.threshold_very_good,
        kr1_0.unit,
        kr1_0.weight 
    from
        key_results kr1_0 
    where
        kr1_0.objective_id=?
Hibernate: 
    select
        kr1_0.objective_id,
        kr1_0.id,
        kr1_0.actual_value,
        kr1_0.description,
        kr1_0.metric_type,
        kr1_0.name,
        kr1_0.threshold_below,
        kr1_0.threshold_exceptional,
        kr1_0.threshold_good,
        kr1_0.threshold_meets,
        kr1_0.threshold_very_good,
        kr1_0.unit,
        kr1_0.weight 
    from
        key_results kr1_0 
    where
        kr1_0.objective_id=?
